C:\Program Files\Microsoft Visual Studio\2022\Enterprise\MSBuild\Microsoft\VC\v170\Microsoft.CppClean.targets(77,5): warning : Access to the path 'c:\users\ozzzi\desktop\cppsql\x64\debug\cppsql.exe' is denied.
  Command.cpp
C:\Users\ozzzi\Desktop\CPPSQL\CPPSQL\Logger.cpp(9,2): warning C4091: 'static ': ignored on left of 'Logger' when no variable is declared
  CommandProcessor.cpp
C:\Users\ozzzi\Desktop\CPPSQL\CPPSQL\Logger.cpp(9,2): warning C4091: 'static ': ignored on left of 'Logger' when no variable is declared
C:\Users\ozzzi\Desktop\CPPSQL\CPPSQL\Helpers.cpp(35,2): warning C4091: 'static ': ignored on left of 'helpers' when no variable is declared
C:\Users\ozzzi\Desktop\CPPSQL\CPPSQL\CommandProcessor.cpp(22,2): warning C4091: 'static ': ignored on left of 'CommandProcessor' when no variable is declared
  Logger.cpp
C:\Users\ozzzi\Desktop\CPPSQL\CPPSQL\Logger.cpp(9,2): warning C4091: 'static ': ignored on left of 'Logger' when no variable is declared
  Helpers.cpp
C:\Users\ozzzi\Desktop\CPPSQL\CPPSQL\Logger.cpp(9,2): warning C4091: 'static ': ignored on left of 'Logger' when no variable is declared
C:\Users\ozzzi\Desktop\CPPSQL\CPPSQL\Helpers.cpp(35,2): warning C4091: 'static ': ignored on left of 'helpers' when no variable is declared
  Main.cpp
C:\Users\ozzzi\Desktop\CPPSQL\CPPSQL\Logger.cpp(9,2): warning C4091: 'static ': ignored on left of 'Logger' when no variable is declared
C:\Users\ozzzi\Desktop\CPPSQL\CPPSQL\Helpers.cpp(35,2): warning C4091: 'static ': ignored on left of 'helpers' when no variable is declared
C:\Users\ozzzi\Desktop\CPPSQL\CPPSQL\CommandProcessor.cpp(22,2): warning C4091: 'static ': ignored on left of 'CommandProcessor' when no variable is declared
  UserConfig.cpp
  Generating Code...
mysqlcppconn-static.lib(mysql_driver.obj) : warning LNK4099: PDB '' was not found with 'mysqlcppconn-static.lib(mysql_driver.obj)' or at ''; linking object as if no debug info
mysqlcppconn-static.lib(mysql_connection.obj) : warning LNK4099: PDB '' was not found with 'mysqlcppconn-static.lib(mysql_connection.obj)' or at ''; linking object as if no debug info
mysqlcppconn-static.lib(mysql_native_driver_wrapper.obj) : warning LNK4099: PDB '' was not found with 'mysqlcppconn-static.lib(mysql_native_driver_wrapper.obj)' or at ''; linking object as if no debug info
mysqlcppconn-static.lib(mysql_uri.obj) : warning LNK4099: PDB '' was not found with 'mysqlcppconn-static.lib(mysql_uri.obj)' or at ''; linking object as if no debug info
mysqlcppconn-static.lib(mysql_metadata.obj) : warning LNK4099: PDB '' was not found with 'mysqlcppconn-static.lib(mysql_metadata.obj)' or at ''; linking object as if no debug info
mysqlcppconn-static.lib(mysql_warning.obj) : warning LNK4099: PDB '' was not found with 'mysqlcppconn-static.lib(mysql_warning.obj)' or at ''; linking object as if no debug info
mysqlcppconn-static.lib(mysql_prepared_statement.obj) : warning LNK4099: PDB '' was not found with 'mysqlcppconn-static.lib(mysql_prepared_statement.obj)' or at ''; linking object as if no debug info
mysqlcppconn-static.lib(mysql_statement.obj) : warning LNK4099: PDB '' was not found with 'mysqlcppconn-static.lib(mysql_statement.obj)' or at ''; linking object as if no debug info
mysqlcppconn-static.lib(mysql_debug.obj) : warning LNK4099: PDB '' was not found with 'mysqlcppconn-static.lib(mysql_debug.obj)' or at ''; linking object as if no debug info
mysqlcppconn-static.lib(mysql_client_api.obj) : warning LNK4099: PDB '' was not found with 'mysqlcppconn-static.lib(mysql_client_api.obj)' or at ''; linking object as if no debug info
mysqlcppconn-static.lib(mysql_native_connection_wrapper.obj) : warning LNK4099: PDB '' was not found with 'mysqlcppconn-static.lib(mysql_native_connection_wrapper.obj)' or at ''; linking object as if no debug info
mysqlcppconn-static.lib(mysql_util.obj) : warning LNK4099: PDB '' was not found with 'mysqlcppconn-static.lib(mysql_util.obj)' or at ''; linking object as if no debug info
mysqlcppconn-static.lib(mysql_art_resultset.obj) : warning LNK4099: PDB '' was not found with 'mysqlcppconn-static.lib(mysql_art_resultset.obj)' or at ''; linking object as if no debug info
mysqlcppconn-static.lib(mysql_resultbind.obj) : warning LNK4099: PDB '' was not found with 'mysqlcppconn-static.lib(mysql_resultbind.obj)' or at ''; linking object as if no debug info
mysqlcppconn-static.lib(mysql_ps_resultset.obj) : warning LNK4099: PDB '' was not found with 'mysqlcppconn-static.lib(mysql_ps_resultset.obj)' or at ''; linking object as if no debug info
mysqlcppconn-static.lib(mysql_ps_resultset_metadata.obj) : warning LNK4099: PDB '' was not found with 'mysqlcppconn-static.lib(mysql_ps_resultset_metadata.obj)' or at ''; linking object as if no debug info
mysqlcppconn-static.lib(mysql_parameter_metadata.obj) : warning LNK4099: PDB '' was not found with 'mysqlcppconn-static.lib(mysql_parameter_metadata.obj)' or at ''; linking object as if no debug info
mysqlcppconn-static.lib(mysql_resultset.obj) : warning LNK4099: PDB '' was not found with 'mysqlcppconn-static.lib(mysql_resultset.obj)' or at ''; linking object as if no debug info
mysqlcppconn-static.lib(mysql_native_resultset_wrapper.obj) : warning LNK4099: PDB '' was not found with 'mysqlcppconn-static.lib(mysql_native_resultset_wrapper.obj)' or at ''; linking object as if no debug info
mysqlcppconn-static.lib(mysql_native_statement_wrapper.obj) : warning LNK4099: PDB '' was not found with 'mysqlcppconn-static.lib(mysql_native_statement_wrapper.obj)' or at ''; linking object as if no debug info
mysqlcppconn-static.lib(mysql_art_rset_metadata.obj) : warning LNK4099: PDB '' was not found with 'mysqlcppconn-static.lib(mysql_art_rset_metadata.obj)' or at ''; linking object as if no debug info
mysqlcppconn-static.lib(mysql_resultset_metadata.obj) : warning LNK4099: PDB '' was not found with 'mysqlcppconn-static.lib(mysql_resultset_metadata.obj)' or at ''; linking object as if no debug info
     Creating library C:\Users\ozzzi\Desktop\CPPSQL\x64\Debug\CPPSQL.lib and object C:\Users\ozzzi\Desktop\CPPSQL\x64\Debug\CPPSQL.exp
  CPPSQL.vcxproj -> C:\Users\ozzzi\Desktop\CPPSQL\x64\Debug\CPPSQL.exe
  'pwsh.exe' is not recognized as an internal or external command,
  operable program or batch file.
